[22 Dez 2011 17:34:30] Building database metadata model
[22 Dez 2011 17:34:30] Properties: {partialRefresh=false, processColumnsUsingSelect=, outputPath=/Users/joaofernandesx/Documents/WebRatio_WorkSpace/Proj_EW/.Temp~/DB.xml, schemaRegex=null, readProcedures=null, includeViews=true, derby.system.home=/Users/joaofernandesx/Documents/WebRatio_WorkSpace/.metadata/.plugins/com.webratio.commons.db/derby, includePrimaryKeys=true, url=jdbc:mysql://localhost/db_engweb, eventSocketClient=com.webratio.commons.net.EventSocketClient@2705d88a, includeTables=true, username=root, tableRegex=null, outputLogPath=/Users/joaofernandesx/Documents/WebRatio_WorkSpace/Proj_EW/.Temp~/DB.xml.log, includeForeignKeys=true, retrieveAllNames=false, readIndexes=null, driverClass=com.mysql.jdbc.Driver, tablesToRefresh=, eventSocketPort=49521, includeSynonyms=true, metaDataProviderClass=com.webratio.commons.db.metadata.MySQLMetaDataProvider}
[22 Dez 2011 17:34:30] URL: jdbc:mysql://localhost/db_engweb
[22 Dez 2011 17:34:30] Product name: MySQL
[22 Dez 2011 17:34:30] Product version: 5.1.44
[22 Dez 2011 17:34:30] Driver name: MySQL-AB JDBC Driver
[22 Dez 2011 17:34:30] Driver version: mysql-connector-java-5.1.6 ( Revision: ${svn.Revision} )
[22 Dez 2011 17:34:30] Driver major version: 5
[22 Dez 2011 17:34:30] Driver minor version: 1
[22 Dez 2011 17:34:30] Identifier quote string: 1
[22 Dez 2011 17:34:30] Retrieving schemas
[22 Dez 2011 17:34:30] Retrieving [TABLE, VIEW, SYNONYM] for schema ''
[22 Dez 2011 17:34:30]   Found 'categoriadoc' [type = TABLE]
[22 Dez 2011 17:34:30]   Found 'documento' [type = TABLE]
[22 Dez 2011 17:34:30]   Found 'group' [type = TABLE]
[22 Dez 2011 17:34:30]   Found 'group_module' [type = TABLE]
[22 Dez 2011 17:34:30]   Found 'module' [type = TABLE]
[22 Dez 2011 17:34:30]   Found 'user' [type = TABLE]
[22 Dez 2011 17:34:30]   Found 'user_group' [type = TABLE]
[22 Dez 2011 17:34:30] Retrieving columns for 'categoriadoc' [type = TABLE]
[22 Dez 2011 17:34:30]   Found column: oid [type = INT][SQL/XOPEN type = 4][size = 10][dec. digits = 0]
[22 Dez 2011 17:34:30]   Found column: descricao [type = VARCHAR][SQL/XOPEN type = 12][size = 255][dec. digits = 0]
[22 Dez 2011 17:34:30] Retrieving primary keys for 'categoriadoc' [type = TABLE]
[22 Dez 2011 17:34:30]   Found primary key column: oid
[22 Dez 2011 17:34:30] Retrieving columns for 'documento' [type = TABLE]
[22 Dez 2011 17:34:30]   Found column: iddoc [type = INT][SQL/XOPEN type = 4][size = 10][dec. digits = 0]
[22 Dez 2011 17:34:30]   Found column: titulo [type = VARCHAR][SQL/XOPEN type = 12][size = 255][dec. digits = 0]
[22 Dez 2011 17:34:30]   Found column: path_file [type = VARCHAR][SQL/XOPEN type = 12][size = 255][dec. digits = 0]
[22 Dez 2011 17:34:30]   Found column: datacriacao [type = DATE][SQL/XOPEN type = 91][size = 10][dec. digits = 0]
[22 Dez 2011 17:34:30]   Found column: datamodificacao [type = DATE][SQL/XOPEN type = 91][size = 10][dec. digits = 0]
[22 Dez 2011 17:34:30]   Found column: keywords [type = VARCHAR][SQL/XOPEN type = 12][size = 255][dec. digits = 0]
[22 Dez 2011 17:34:30]   Found column: public [type = BIT][SQL/XOPEN type = -7][size = 1][dec. digits = 0]
[22 Dez 2011 17:34:30]   Found column: categoriadoc_oid [type = INT][SQL/XOPEN type = 4][size = 10][dec. digits = 0]
[22 Dez 2011 17:34:30]   Found column: user_oid [type = INT][SQL/XOPEN type = 4][size = 10][dec. digits = 0]
[22 Dez 2011 17:34:30] Retrieving primary keys for 'documento' [type = TABLE]
[22 Dez 2011 17:34:30]   Found primary key column: iddoc
[22 Dez 2011 17:34:30] Retrieving columns for 'group' [type = TABLE]
[22 Dez 2011 17:34:30]   Found column: oid [type = INT][SQL/XOPEN type = 4][size = 10][dec. digits = 0]
[22 Dez 2011 17:34:30]   Found column: groupname [type = VARCHAR][SQL/XOPEN type = 12][size = 255][dec. digits = 0]
[22 Dez 2011 17:34:30]   Found column: module_oid [type = INT][SQL/XOPEN type = 4][size = 10][dec. digits = 0]
[22 Dez 2011 17:34:30] Retrieving primary keys for 'group' [type = TABLE]
[22 Dez 2011 17:34:30]   Found primary key column: oid
[22 Dez 2011 17:34:30] Retrieving columns for 'group_module' [type = TABLE]
[22 Dez 2011 17:34:30]   Found column: group_oid [type = INT][SQL/XOPEN type = 4][size = 10][dec. digits = 0]
[22 Dez 2011 17:34:30]   Found column: module_oid [type = INT][SQL/XOPEN type = 4][size = 10][dec. digits = 0]
[22 Dez 2011 17:34:30] Retrieving primary keys for 'group_module' [type = TABLE]
[22 Dez 2011 17:34:30]   Found primary key column: group_oid
[22 Dez 2011 17:34:30]   Found primary key column: module_oid
[22 Dez 2011 17:34:30] Retrieving columns for 'module' [type = TABLE]
[22 Dez 2011 17:34:30]   Found column: oid [type = INT][SQL/XOPEN type = 4][size = 10][dec. digits = 0]
[22 Dez 2011 17:34:30]   Found column: moduleid [type = VARCHAR][SQL/XOPEN type = 12][size = 255][dec. digits = 0]
[22 Dez 2011 17:34:30]   Found column: modulename [type = VARCHAR][SQL/XOPEN type = 12][size = 255][dec. digits = 0]
[22 Dez 2011 17:34:30] Retrieving primary keys for 'module' [type = TABLE]
[22 Dez 2011 17:34:30]   Found primary key column: oid
[22 Dez 2011 17:34:30] Retrieving columns for 'user' [type = TABLE]
[22 Dez 2011 17:34:30]   Found column: oid [type = INT][SQL/XOPEN type = 4][size = 10][dec. digits = 0]
[22 Dez 2011 17:34:30]   Found column: username [type = VARCHAR][SQL/XOPEN type = 12][size = 255][dec. digits = 0]
[22 Dez 2011 17:34:30]   Found column: password [type = VARCHAR][SQL/XOPEN type = 12][size = 255][dec. digits = 0]
[22 Dez 2011 17:34:30]   Found column: email [type = VARCHAR][SQL/XOPEN type = 12][size = 255][dec. digits = 0]
[22 Dez 2011 17:34:30]   Found column: group_oid [type = INT][SQL/XOPEN type = 4][size = 10][dec. digits = 0]
[22 Dez 2011 17:34:30] Retrieving primary keys for 'user' [type = TABLE]
[22 Dez 2011 17:34:30]   Found primary key column: oid
[22 Dez 2011 17:34:30] Retrieving columns for 'user_group' [type = TABLE]
[22 Dez 2011 17:34:30]   Found column: user_oid [type = INT][SQL/XOPEN type = 4][size = 10][dec. digits = 0]
[22 Dez 2011 17:34:30]   Found column: group_oid [type = INT][SQL/XOPEN type = 4][size = 10][dec. digits = 0]
[22 Dez 2011 17:34:30] Retrieving primary keys for 'user_group' [type = TABLE]
[22 Dez 2011 17:34:30]   Found primary key column: user_oid
[22 Dez 2011 17:34:30]   Found primary key column: group_oid
[22 Dez 2011 17:34:30] Retrieving foreign keys for 'categoriadoc' [type = TABLE]
[22 Dez 2011 17:34:30] Retrieving foreign keys for 'documento' [type = TABLE]
[22 Dez 2011 17:34:30] Retrieving foreign keys for 'group' [type = TABLE]
[22 Dez 2011 17:34:30] Retrieving foreign keys for 'group_module' [type = TABLE]
[22 Dez 2011 17:34:30] Retrieving foreign keys for 'module' [type = TABLE]
[22 Dez 2011 17:34:30] Retrieving foreign keys for 'user' [type = TABLE]
[22 Dez 2011 17:34:30] Retrieving foreign keys for 'user_group' [type = TABLE]
[22 Dez 2011 17:34:30] Retrieving auto-increment columns for 'categoriadoc' [type = TABLE]
[22 Dez 2011 17:34:30] Retrieving auto-increment columns for 'documento' [type = TABLE]
[22 Dez 2011 17:34:30] Retrieving auto-increment columns for 'group' [type = TABLE]
[22 Dez 2011 17:34:30] Retrieving auto-increment columns for 'group_module' [type = TABLE]
[22 Dez 2011 17:34:30] Retrieving auto-increment columns for 'module' [type = TABLE]
[22 Dez 2011 17:34:30] Retrieving auto-increment columns for 'user' [type = TABLE]
[22 Dez 2011 17:34:30] Retrieving auto-increment columns for 'user_group' [type = TABLE]
[22 Dez 2011 17:34:30] Database connection closed
